proguard/seeds.txt
cn.itcast.mobilesafe.AntiVirusActivity
cn.itcast.mobilesafe.AppManagerActivity
cn.itcast.mobilesafe.AppManagerActivity2
cn.itcast.mobilesafe.AppManagerActivity2: void onClick(android.view.View)
cn.itcast.mobilesafe.AtoolsActivity
cn.itcast.mobilesafe.AtoolsActivity: void onClick(android.view.View)
cn.itcast.mobilesafe.BaseSetupActivity
cn.itcast.mobilesafe.BaseSetupActivity: void next(android.view.View)
cn.itcast.mobilesafe.BaseSetupActivity: void pre(android.view.View)
cn.itcast.mobilesafe.CallSmsSafeActivity
cn.itcast.mobilesafe.CallSmsSafeActivity: void jump(android.view.View)
cn.itcast.mobilesafe.CallSmsSafeActivity: void onClick(android.view.View)
cn.itcast.mobilesafe.CallSmsSafeActivityCopy02
cn.itcast.mobilesafe.CallSmsSafeActivityCopy1
cn.itcast.mobilesafe.CleanCacheActivity
cn.itcast.mobilesafe.CleanSDActivity
cn.itcast.mobilesafe.CleanStartupActivity
cn.itcast.mobilesafe.CommnumActivity
cn.itcast.mobilesafe.DragViewActivity
cn.itcast.mobilesafe.EnterPasswordActivity
cn.itcast.mobilesafe.EnterPasswordActivity: void enter(android.view.View)
cn.itcast.mobilesafe.HomeActivity
cn.itcast.mobilesafe.HomeActivity: void onClick(android.view.View)
cn.itcast.mobilesafe.LostFindActivity
cn.itcast.mobilesafe.LostFindActivity: void reEntrySetup(android.view.View)
cn.itcast.mobilesafe.MyApplication
cn.itcast.mobilesafe.NumberQueryActivity
cn.itcast.mobilesafe.NumberQueryActivity: void query(android.view.View)
cn.itcast.mobilesafe.R$anim: int alpha_in
cn.itcast.mobilesafe.R$anim: int alpha_out
cn.itcast.mobilesafe.R$anim: int cycle_7
cn.itcast.mobilesafe.R$anim: int shake
cn.itcast.mobilesafe.R$anim: int tran_shownext_in
cn.itcast.mobilesafe.R$anim: int tran_shownext_out
cn.itcast.mobilesafe.R$attr: int content
cn.itcast.mobilesafe.R$attr: int title
cn.itcast.mobilesafe.R$color: int gray
cn.itcast.mobilesafe.R$color: int white
cn.itcast.mobilesafe.R$drawable: int app
cn.itcast.mobilesafe.R$drawable: int appmgr_system_app_uninstall_normal
cn.itcast.mobilesafe.R$drawable: int appmgr_system_app_uninstall_pressed
cn.itcast.mobilesafe.R$drawable: int atools
cn.itcast.mobilesafe.R$drawable: int b
cn.itcast.mobilesafe.R$drawable: int bind
cn.itcast.mobilesafe.R$drawable: int button_bg_green
cn.itcast.mobilesafe.R$drawable: int button_bg_green_on
cn.itcast.mobilesafe.R$drawable: int button_bg_selector
cn.itcast.mobilesafe.R$drawable: int call_locate_blue
cn.itcast.mobilesafe.R$drawable: int call_locate_gray
cn.itcast.mobilesafe.R$drawable: int call_locate_green
cn.itcast.mobilesafe.R$drawable: int call_locate_orange
cn.itcast.mobilesafe.R$drawable: int call_locate_white
cn.itcast.mobilesafe.R$drawable: int callmsgsafe
cn.itcast.mobilesafe.R$drawable: int checkbox_button
cn.itcast.mobilesafe.R$drawable: int edit
cn.itcast.mobilesafe.R$drawable: int ic_launcher
cn.itcast.mobilesafe.R$drawable: int ic_scanner_malware
cn.itcast.mobilesafe.R$drawable: int img1
cn.itcast.mobilesafe.R$drawable: int img2
cn.itcast.mobilesafe.R$drawable: int img3
cn.itcast.mobilesafe.R$drawable: int jiantou1
cn.itcast.mobilesafe.R$drawable: int list_icon_risk
cn.itcast.mobilesafe.R$drawable: int list_icon_security
cn.itcast.mobilesafe.R$drawable: int list_item_delete_selector
cn.itcast.mobilesafe.R$drawable: int listview_devider
cn.itcast.mobilesafe.R$drawable: int local_popup_bg