proguard/mapping.txt
cn.itcast.mobilesafe.AntiVirusActivity -> cn.itcast.mobilesafe.AntiVirusActivity:
    android.widget.ImageView iv_scan -> a
    android.widget.ProgressBar pb -> b
    android.widget.TextView tv_scan_status -> c
    android.content.pm.PackageManager pm -> d
    java.util.List virusInfos -> e
    android.widget.LinearLayout ll_scan_status -> f
    void onCreate(android.os.Bundle) -> onCreate
    android.content.pm.PackageManager access$0(cn.itcast.mobilesafe.AntiVirusActivity) -> a
    android.widget.ProgressBar access$1(cn.itcast.mobilesafe.AntiVirusActivity) -> b
    java.util.List access$2(cn.itcast.mobilesafe.AntiVirusActivity) -> c
    android.widget.TextView access$3(cn.itcast.mobilesafe.AntiVirusActivity) -> d
    android.widget.ImageView access$4(cn.itcast.mobilesafe.AntiVirusActivity) -> e
    android.widget.LinearLayout access$5(cn.itcast.mobilesafe.AntiVirusActivity) -> f
cn.itcast.mobilesafe.AntiVirusActivity$1 -> cn.itcast.mobilesafe.a:
    cn.itcast.mobilesafe.AntiVirusActivity this$0 -> a
    java.lang.Void doInBackground(java.lang.Void[]) -> a
    void onPreExecute() -> onPreExecute
    void onPostExecute(java.lang.Void) -> a
    void onProgressUpdate(java.lang.Object[]) -> onProgressUpdate
    void onPostExecute(java.lang.Object) -> onPostExecute
    java.lang.Object doInBackground(java.lang.Object[]) -> doInBackground
    cn.itcast.mobilesafe.AntiVirusActivity access$2(cn.itcast.mobilesafe.AntiVirusActivity$1) -> a
cn.itcast.mobilesafe.AntiVirusActivity$1$1 -> cn.itcast.mobilesafe.b:
    cn.itcast.mobilesafe.AntiVirusActivity$1 this$1 -> a
    void onClick(android.content.DialogInterface,int) -> onClick
cn.itcast.mobilesafe.AntiVirusActivity$1$2 -> cn.itcast.mobilesafe.c:
    cn.itcast.mobilesafe.AntiVirusActivity$1 this$1 -> a
    void onClick(android.content.DialogInterface,int) -> onClick
cn.itcast.mobilesafe.AppManagerActivity -> cn.itcast.mobilesafe.AppManagerActivity:
    android.widget.TextView tv_avail_rom -> a
    android.widget.TextView tv_avail_sd -> b
    android.widget.ListView lv_appmanger -> c
    android.view.View ll_loading -> d
    java.util.List userAppInfos -> e
    java.util.List systemAppInfos -> f
    cn.itcast.mobilesafe.AppManagerActivity$AppManagerAdapter adapter -> g
    android.widget.TextView tv_app_manager_status -> h
    void onCreate(android.os.Bundle) -> onCreate
    void fillData() -> a
    java.lang.String getAvailSD() -> b
    java.lang.String getAvailRom() -> c
    java.util.List access$0(cn.itcast.mobilesafe.AppManagerActivity) -> a
    java.util.List access$1(cn.itcast.mobilesafe.AppManagerActivity) -> b
    android.widget.ListView access$2(cn.itcast.mobilesafe.AppManagerActivity) -> c
    android.widget.TextView access$3(cn.itcast.mobilesafe.AppManagerActivity) -> d
    void access$4(cn.itcast.mobilesafe.AppManagerActivity,java.util.List) -> a
    void access$5(cn.itcast.mobilesafe.AppManagerActivity,java.util.List) -> b
    android.view.View access$6(cn.itcast.mobilesafe.AppManagerActivity) -> e
    void access$7(cn.itcast.mobilesafe.AppManagerActivity,cn.itcast.mobilesafe.AppManagerActivity$AppManagerAdapter) -> a
    cn.itcast.mobilesafe.AppManagerActivity$AppManagerAdapter access$8(cn.itcast.mobilesafe.AppManagerActivity) -> f
cn.itcast.mobilesafe.AppManagerActivity$1 -> cn.itcast.mobilesafe.d:
    cn.itcast.mobilesafe.AppManagerActivity this$0 -> a
    void onScrollStateChanged(android.widget.AbsListView,int) -> onScrollStateChanged
    void onScroll(android.widget.AbsListView,int,int,int) -> onScroll
cn.itcast.mobilesafe.AppManagerActivity$2 -> cn.itcast.mobilesafe.e:
    cn.itcast.mobilesafe.AppManagerActivity this$0 -> a
    java.lang.Void doInBackground(java.lang.Void[]) -> a
    void onPreExecute() -> onPreExecute
    void onPostExecute(java.lang.Void) -> a
    void onPostExecute(java.lang.Object) -> onPostExecute
    java.lang.Object doInBackground(java.lang.Object[]) -> doInBackground
...
android.content.pm.IPackageStatsObserver -> a.a.a.a:
    void onGetStatsCompleted(android.content.pm.PackageStats,boolean) -> a
android.content.pm.IPackageStatsObserver$Stub -> a.a.a.b:
    android.os.IBinder asBinder() -> asBinder
    boolean onTransact(int,android.os.Parcel,android.os.Parcel,int) -> onTransact
com.android.internal.telephony.ITelephony -> b.a.a.a.a:
    void dial(java.lang.String) -> a
    void call(java.lang.String) -> b
    boolean showCallScreen() -> a
    boolean showCallScreenWithDialpad(boolean) -> a
    boolean endCall() -> b
    void answerRingingCall() -> c
    void silenceRinger() -> d
    boolean isOffhook() -> e
    boolean isRinging() -> f
    boolean isIdle() -> g
    boolean isRadioOn() -> h
    boolean isSimPinEnabled() -> i
    void cancelMissedCallsNotification() -> j
    boolean supplyPin(java.lang.String) -> c
    boolean handlePinMmi(java.lang.String) -> d
    void toggleRadioOnOff() -> k
    boolean setRadio(boolean) -> b
    void updateServiceLocation() -> l
    void enableLocationUpdates() -> m
    void disableLocationUpdates() -> n
    int enableApnType(java.lang.String) -> e
    int disableApnType(java.lang.String) -> f
    boolean enableDataConnectivity() -> o
    boolean disableDataConnectivity() -> p
    boolean isDataConnectivityPossible() -> q
    android.os.Bundle getCellLocation() -> r
    java.util.List getNeighboringCellInfo() -> s
    int getCallState() -> t
    int getDataActivity() -> u
    int getDataState() -> v
    int getActivePhoneType() -> w
    int getCdmaEriIconIndex() -> x
    int getCdmaEriIconMode() -> y
    java.lang.String getCdmaEriText() -> z
    boolean getCdmaNeedsProvisioning() -> A
    int getVoiceMessageCount() -> B
    int getNetworkType() -> C
com.android.internal.telephony.ITelephony$Stub -> b.a.a.a.b:
    com.android.internal.telephony.ITelephony asInterface(android.os.IBinder) -> a
    boolean onTransact(int,android.os.Parcel,android.os.Parcel,int) -> onTransact
com.android.internal.telephony.ITelephony$Stub$Proxy -> b.a.a.a.c:
    android.os.IBinder mRemote -> a
    android.os.IBinder asBinder() -> asBinder
    void dial(java.lang.String) -> a
    void call(java.lang.String) -> b
    boolean showCallScreen() -> a
    boolean showCallScreenWithDialpad(boolean) -> a
    boolean endCall() -> b
    void answerRingingCall() -> c
    void silenceRinger() -> d
    boolean isOffhook() -> e
    boolean isRinging() -> f
    boolean isIdle() -> g
    boolean isRadioOn() -> h
    boolean isSimPinEnabled() -> i
    void cancelMissedCallsNotification() -> j
    boolean supplyPin(java.lang.String) -> c
    boolean handlePinMmi(java.lang.String) -> d
    void toggleRadioOnOff() -> k
    boolean setRadio(boolean) -> b
    void updateServiceLocation() -> l
    void enableLocationUpdates() -> m
    void disableLocationUpdates() -> n
    int enableApnType(java.lang.String) -> e
    int disableApnType(java.lang.String) -> f
    boolean enableDataConnectivity() -> o
    boolean disableDataConnectivity() -> p
    boolean isDataConnectivityPossible() -> q
    android.os.Bundle getCellLocation() -> r
    java.util.List getNeighboringCellInfo() -> s
    int getCallState() -> t
    int getDataActivity() -> u
    int getDataState() -> v
    int getActivePhoneType() -> w
    int getCdmaEriIconIndex() -> x
    int getCdmaEriIconMode() -> y
    java.lang.String getCdmaEriText() -> z