proguard/usage.txt
cn.itcast.mobilesafe.AppManagerActivity2:
    protected static final java.lang.String TAG
cn.itcast.mobilesafe.BaseSetupActivity:
    protected static final java.lang.String TAG
cn.itcast.mobilesafe.BuildConfig
cn.itcast.mobilesafe.CallSmsSafeActivity:
    private static final int maxNumber
    protected static final java.lang.String TAG
cn.itcast.mobilesafe.CallSmsSafeActivity$CallSmsAdapter:
    protected static final java.lang.String TAG
cn.itcast.mobilesafe.CallSmsSafeActivityCopy02:
    private static final int maxNumber
    protected static final java.lang.String TAG
cn.itcast.mobilesafe.CallSmsSafeActivityCopy02$CallSmsAdapter:
    protected static final java.lang.String TAG
cn.itcast.mobilesafe.CallSmsSafeActivityCopy1$CallSmsAdapter:
    protected static final java.lang.String TAG
cn.itcast.mobilesafe.CleanCacheActivity$MyPackDataObserver
cn.itcast.mobilesafe.CleanSDActivity:
    52:61:private void deleteFile(java.io.File)
cn.itcast.mobilesafe.DragViewActivity:
    protected static final java.lang.String TAG
cn.itcast.mobilesafe.R:
    10:10:public R()
cn.itcast.mobilesafe.R$anim
cn.itcast.mobilesafe.R$attr
cn.itcast.mobilesafe.R$color
cn.itcast.mobilesafe.R$drawable
cn.itcast.mobilesafe.R$id
cn.itcast.mobilesafe.R$layout
cn.itcast.mobilesafe.R$menu
cn.itcast.mobilesafe.R$raw
cn.itcast.mobilesafe.R$string
cn.itcast.mobilesafe.R$style
cn.itcast.mobilesafe.R$styleable:
    293:293:public R$styleable()
cn.itcast.mobilesafe.R$xml
cn.itcast.mobilesafe.SplashActivity:
    public static final int PARSE_SUCCESS
    public static final int PARSE_ERROR
    public static final int SERVER_ERROR
    public static final int URL_ERROR
    public static final int NETWORK_ERROR
    public static final int DOWNLOAD_SUCCESS
    public static final int DOWNLOAD_ERROR
    protected static final java.lang.String TAG
    public static final int COPY_ADDRESSDB_ERROR
    public static final int COPY_ADDRESSDB_SUCCESS
    public static final int COPY_NUMBERDB_ERROR
    public static final int COPY_NUMBERDB_SUCCESS
    public static final int COPY_VIRUS_SUCCESS
cn.itcast.mobilesafe.db.dao.AddressDao:
    12:12:public AddressDao()
cn.itcast.mobilesafe.db.dao.AntivirusDao:
    6:6:public AntivirusDao()
cn.itcast.mobilesafe.db.dao.CommonNumberDao:
    9:9:public CommonNumberDao()
    17:26:public static int getGroupCount()
    53:63:public static int getChildCount(int)
    92:103:public static java.lang.String getGroupName(int)
    111:126:public static java.lang.String getChildInfoByPosition(int,int)
cn.itcast.mobilesafe.domain.TaskInfo:
    37:37:public boolean isUsertask()
cn.itcast.mobilesafe.engine.ContactInfoProvider:
    12:12:public ContactInfoProvider()
cn.itcast.mobilesafe.engine.QueryBootupApplication:
    15:15:public QueryBootupApplication()
cn.itcast.mobilesafe.engine.TaskInfoProvider:
    15:15:public TaskInfoProvider()
cn.itcast.mobilesafe.engine.UpdateInfoParser:
    12:12:public UpdateInfoParser()
cn.itcast.mobilesafe.receiver.BootCompleteReceiver:
    private static final java.lang.String TAG
cn.itcast.mobilesafe.receiver.SmsReceiver:
    private static final java.lang.String TAG
cn.itcast.mobilesafe.service.CallSmsFirewallService:
    public static final java.lang.String TAG
cn.itcast.mobilesafe.service.ShowAddressService:
    public static final java.lang.String TAG
cn.itcast.mobilesafe.test.TestAppInfoProvider
cn.itcast.mobilesafe.test.TestBlackNumberDB
cn.itcast.mobilesafe.test.TestContactInfoProvider
cn.itcast.mobilesafe.test.TestGetAllHomeApp
cn.itcast.mobilesafe.test.TestRestoreSms
cn.itcast.mobilesafe.utils.AssetCopyUtil:
    10:10:public AssetCopyUtil()
cn.itcast.mobilesafe.utils.AsyncTask2
cn.itcast.mobilesafe.utils.AsyncTask2$1
cn.itcast.mobilesafe.utils.AsyncTask2$2
cn.itcast.mobilesafe.utils.DownLoadUtil:
    12:12:public DownLoadUtil()
cn.itcast.mobilesafe.utils.MD5Util:
    5:5:public MD5Util()
...
android.annotation.SuppressLint
android.annotation.TargetApi
android.content.pm.IPackageDataObserver
android.content.pm.IPackageDataObserver$Stub
android.content.pm.IPackageDataObserver$Stub$Proxy
android.content.pm.IPackageStatsObserver$Stub:
    private static final java.lang.String DESCRIPTOR
    static final int TRANSACTION_onGetStatsCompleted
    29:36:public static android.content.pm.IPackageStatsObserver asInterface(android.os.IBinder)
android.content.pm.IPackageStatsObserver$Stub$Proxy
com.android.internal.telephony.ITelephony$Stub:
    private static final java.lang.String DESCRIPTOR
    static final int TRANSACTION_dial
    static final int TRANSACTION_call
    static final int TRANSACTION_showCallScreen
    static final int TRANSACTION_showCallScreenWithDialpad
    static final int TRANSACTION_endCall
    static final int TRANSACTION_answerRingingCall
    static final int TRANSACTION_silenceRinger
    static final int TRANSACTION_isOffhook
    static final int TRANSACTION_isRinging
    static final int TRANSACTION_isIdle
    static final int TRANSACTION_isRadioOn
    static final int TRANSACTION_isSimPinEnabled
    static final int TRANSACTION_cancelMissedCallsNotification
    static final int TRANSACTION_supplyPin
    static final int TRANSACTION_handlePinMmi
    static final int TRANSACTION_toggleRadioOnOff
    static final int TRANSACTION_setRadio
    static final int TRANSACTION_updateServiceLocation
    static final int TRANSACTION_enableLocationUpdates
    static final int TRANSACTION_disableLocationUpdates
    static final int TRANSACTION_enableApnType
    static final int TRANSACTION_disableApnType
    static final int TRANSACTION_enableDataConnectivity
    static final int TRANSACTION_disableDataConnectivity
    static final int TRANSACTION_isDataConnectivityPossible
    static final int TRANSACTION_getCellLocation
    static final int TRANSACTION_getNeighboringCellInfo
    static final int TRANSACTION_getCallState
com.android.internal.telephony.ITelephony$Stub$Proxy:
    385:385:public java.lang.String getInterfaceDescriptor()